
SQL*Loader: Release 11.2.0.1.0 - Production on Mon Sep 28 13:40:34 2015

Copyright (c) 1982, 2009, Oracle and/or its affiliates.  All rights reserved.

Control File:   Customer.ctl
Data File:      Customer.dat
  Bad File:     Customer.bad
  Discard File:  none specified
 
 (Allow all discards)

Number to load: ALL
Number to skip: 0
Errors allowed: 50
Bind array:     64 rows, maximum of 256000 bytes
Continuation:    none specified
Path used:      Conventional

Table CUSTOMER, loaded from every logical record.
Insert option in effect for this table: APPEND

   Column Name                  Position   Len  Term Encl Datatype
------------------------------ ---------- ----- ---- ---- ---------------------
CUSTID                              FIRST     *   ,  O(') CHARACTER            
FNAME                                NEXT     *   ,  O(') CHARACTER            
LNAME                                NEXT     *   ,  O(') CHARACTER            
STREETNO                             NEXT     *   ,  O(') CHARACTER            
STREET                               NEXT     *   ,  O(') CHARACTER            
CITY                                 NEXT     *   ,  O(') CHARACTER            
PROVINCE                             NEXT     *   ,  O(') CHARACTER            
PCODE                                NEXT     *   ,  O(') CHARACTER            
PRIMARYCUSTID                        NEXT     *   ,  O(') CHARACTER            

Record 1: Rejected - Error on table CUSTOMER.
ORA-00001: unique constraint (T118.PK_CUSTOMERS) violated

Record 2: Rejected - Error on table CUSTOMER.
ORA-00001: unique constraint (T118.PK_CUSTOMERS) violated


Table CUSTOMER:
  0 Rows successfully loaded.
  2 Rows not loaded due to data errors.
  0 Rows not loaded because all WHEN clauses were failed.
  0 Rows not loaded because all fields were null.


Space allocated for bind array:                 148608 bytes(64 rows)
Read   buffer bytes: 1048576

Total logical records skipped:          0
Total logical records read:             2
Total logical records rejected:         2
Total logical records discarded:        0

Run began on Mon Sep 28 13:40:34 2015
Run ended on Mon Sep 28 13:40:34 2015

Elapsed time was:     00:00:00.51
CPU time was:         00:00:00.12
